SF:lib/src/ui/screens/help_page.dart
DA:6,2
DA:8,2
DA:9,2
DA:10,2
DA:11,2
DA:12,2
DA:13,2
DA:14,1
DA:15,2
DA:20,2
DA:21,2
DA:22,2
DA:23,2
DA:24,2
DA:25,6
DA:26,4
LF:16
LH:16
end_of_record
SF:lib/src/core/providers/game_provider.dart
DA:9,10
DA:16,10
DA:17,8
DA:18,4
DA:19,6
DA:20,6
DA:22,5
DA:23,10
DA:26,4
DA:27,16
DA:29,8
DA:30,4
DA:32,4
DA:35,2
DA:36,4
DA:37,4
DA:38,2
DA:40,2
DA:44,5
DA:45,15
DA:48,4
DA:49,8
DA:50,8
DA:51,4
DA:54,2
DA:55,8
DA:56,2
DA:58,2
DA:61,3
DA:62,9
DA:63,3
DA:65,3
DA:66,3
DA:69,2
DA:70,4
DA:72,4
DA:73,2
DA:75,2
DA:78,1
DA:79,2
DA:80,4
DA:82,2
DA:85,4
DA:86,12
DA:90,8
DA:97,1
DA:98,2
DA:99,1
DA:100,1
DA:102,1
DA:105,2
DA:106,2
LF:52
LH:52
end_of_record
SF:lib/src/core/utils/helpers.dart
DA:2,2
DA:3,2
DA:7,2
DA:11,4
DA:12,1
DA:13,1
DA:16,2
DA:18,2
DA:20,3
DA:21,3
DA:22,2
DA:25,1
LF:12
LH:12
end_of_record
SF:lib/src/ui/screens/game_page.dart
DA:12,1
DA:13,2
DA:14,1
DA:17,1
DA:20,1
DA:23,0
DA:24,0
DA:25,0
DA:29,0
DA:33,1
DA:34,1
DA:35,2
DA:38,1
DA:41,1
DA:44,1
DA:46,1
DA:47,1
DA:48,1
DA:49,1
DA:50,1
DA:51,2
DA:52,1
DA:53,1
DA:57,1
DA:58,1
DA:60,1
DA:61,1
DA:66,1
DA:67,1
DA:68,1
DA:69,1
DA:70,1
DA:71,1
DA:72,1
DA:73,1
DA:74,1
DA:76,2
DA:81,1
DA:82,1
DA:83,1
DA:84,2
DA:85,1
DA:88,1
DA:89,1
DA:90,1
DA:91,3
DA:93,1
DA:94,2
DA:95,1
DA:98,1
DA:104,1
DA:105,1
DA:106,1
DA:107,1
DA:108,1
DA:111,1
DA:112,1
DA:114,1
DA:115,1
DA:116,1
DA:117,1
DA:118,1
LF:62
LH:58
end_of_record
SF:lib/src/ui/screens/about_page.dart
DA:5,1
DA:7,1
DA:8,1
DA:9,1
DA:11,1
DA:12,1
DA:13,1
DA:16,1
DA:17,1
DA:18,1
DA:21,1
DA:22,1
LF:12
LH:12
end_of_record
SF:lib/src/ui/screens/result_page.dart
DA:9,1
DA:11,1
DA:12,2
DA:19,1
DA:20,2
DA:27,1
DA:29,1
DA:30,1
DA:31,1
DA:34,1
DA:35,1
DA:36,1
DA:38,2
DA:39,1
DA:42,1
DA:43,1
DA:44,1
DA:45,2
DA:47,1
DA:49,2
DA:55,1
LF:21
LH:21
end_of_record
SF:lib/src/ui/widgets/button.dart
DA:10,2
DA:12,2
DA:13,2
DA:14,1
DA:17,4
DA:21,2
DA:24,2
DA:25,2
DA:26,1
DA:27,1
DA:33,2
DA:34,2
DA:35,4
DA:41,1
DA:42,2
DA:43,1
DA:44,3
DA:46,1
DA:50,2
DA:52,2
DA:54,2
DA:56,2
DA:58,2
DA:59,2
DA:60,2
DA:64,2
DA:65,2
DA:67,2
DA:68,4
DA:69,2
DA:71,2
LF:31
LH:31
end_of_record
SF:lib/src/ui/widgets/numbers_list.dart
DA:13,2
DA:20,2
DA:21,4
DA:22,1
DA:23,4
DA:24,1
DA:30,2
DA:32,2
DA:34,2
DA:36,2
DA:37,2
DA:38,2
DA:41,2
DA:43,2
DA:44,2
DA:46,2
DA:48,2
DA:51,2
DA:52,2
DA:54,2
DA:58,6
DA:59,2
DA:60,2
DA:61,1
DA:62,2
DA:65,2
DA:67,2
LF:27
LH:27
end_of_record
SF:lib/src/ui/widgets/rounded_button.dart
DA:13,3
DA:15,3
DA:17,3
DA:19,5
DA:20,2
DA:22,6
DA:23,6
DA:24,3
DA:25,3
DA:26,3
DA:28,9
LF:11
LH:11
end_of_record
SF:lib/src/ui/widgets/selected_items.dart
DA:9,2
DA:11,2
DA:13,2
DA:14,2
DA:15,2
DA:18,5
DA:19,1
DA:20,1
DA:21,1
DA:22,2
DA:24,1
DA:26,2
LF:12
LH:12
end_of_record
